# JRE version: OpenJDK Runtime Environment (17.0.11) (build 17.0.11+0--11852314)
# Java VM: OpenJDK 64-Bit Server VM (17.0.11+0--11852314, mixed mode, tiered, compressed oops, compressed class ptrs, g1 gc, windows-amd64)
GC Precious Log:
 CPUs: 12 total, 12 available
 Memory: 6005M
 Large Page Support: Disabled
 NUMA Support: Disabled
 Compressed Oops: Enabled (Zero based)
 Heap Region Size: 2M
 Heap Min Capacity: 8M
 Heap Initial Capacity: 94M
 Heap Max Capacity: 4G
 Pre-touch: Disabled
 Parallel Workers: 10
 Concurrent Workers: 3
 Concurrent Refinement Workers: 10
 Periodic GC: Disabled
Heap:
 garbage-first heap   total 81920K, used 54148K [0x0000000700000000, 0x0000000800000000)
  region size 2048K, 18 young (36864K), 1 survivors (2048K)
 Metaspace       used 31881K, committed 32128K, reserved 1114112K
  class space    used 4267K, committed 4352K, reserved 1048576K
GC Heap History (12 events):
Event: 1.866 GC heap before
{Heap before GC invocations=0 (full 0):
 garbage-first heap   total 96256K, used 24576K [0x0000000700000000, 0x0000000800000000)
  region size 2048K, 11 young (22528K), 0 survivors (0K)
 Metaspace       used 10222K, committed 10368K, reserved 1114112K
  class space    used 1043K, committed 1088K, reserved 1048576K
}
Event: 1.881 GC heap after
{Heap after GC invocations=1 (full 0):
 garbage-first heap   total 96256K, used 10159K [0x0000000700000000, 0x0000000800000000)
  region size 2048K, 2 young (4096K), 2 survivors (4096K)
 Metaspace       used 10222K, committed 10368K, reserved 1114112K
  class space    used 1043K, committed 1088K, reserved 1048576K
}
Event: 5.719 GC heap before
{Heap before GC invocations=1 (full 0):
 garbage-first heap   total 96256K, used 34735K [0x0000000700000000, 0x0000000800000000)
  region size 2048K, 14 young (28672K), 2 survivors (4096K)
 Metaspace       used 11445K, committed 11584K, reserved 1114112K
  class space    used 1195K, committed 1280K, reserved 1048576K
}
Event: 5.735 GC heap after
{Heap after GC invocations=2 (full 0):
 garbage-first heap   total 96256K, used 11316K [0x0000000700000000, 0x0000000800000000)
  region size 2048K, 1 young (2048K), 1 survivors (2048K)
 Metaspace       used 11445K, committed 11584K, reserved 1114112K
  class space    used 1195K, committed 1280K, reserved 1048576K
}
Event: 12.766 GC heap before
{Heap before GC invocations=2 (full 0):
 garbage-first heap   total 96256K, used 54324K [0x0000000700000000, 0x0000000800000000)
  region size 2048K, 23 young (47104K), 1 survivors (2048K)
 Metaspace       used 20014K, committed 20224K, reserved 1114112K
  class space    used 2343K, committed 2432K, reserved 1048576K
}
Event: 12.789 GC heap after
{Heap after GC invocations=3 (full 0):
 garbage-first heap   total 96256K, used 18466K [0x0000000700000000, 0x0000000800000000)
  region size 2048K, 3 young (6144K), 3 survivors (6144K)
 Metaspace       used 20014K, committed 20224K, reserved 1114112K
  class space    used 2343K, committed 2432K, reserved 1048576K
}
Event: 13.334 GC heap before
{Heap before GC invocations=3 (full 0):
 garbage-first heap   total 96256K, used 24610K [0x0000000700000000, 0x0000000800000000)
  region size 2048K, 7 young (14336K), 3 survivors (6144K)
 Metaspace       used 21338K, committed 21504K, reserved 1114112K
  class space    used 2534K, committed 2624K, reserved 1048576K
}
Event: 13.358 GC heap after
{Heap after GC invocations=4 (full 0):
 garbage-first heap   total 96256K, used 19075K [0x0000000700000000, 0x0000000800000000)
  region size 2048K, 1 young (2048K), 1 survivors (2048K)
 Metaspace       used 21338K, committed 21504K, reserved 1114112K
  class space    used 2534K, committed 2624K, reserved 1048576K
}
Event: 35.300 GC heap before
{Heap before GC invocations=5 (full 0):
 garbage-first heap   total 81920K, used 57987K [0x0000000700000000, 0x0000000800000000)
  region size 2048K, 21 young (43008K), 1 survivors (2048K)
 Metaspace       used 27137K, committed 27456K, reserved 1114112K
  class space    used 3510K, committed 3648K, reserved 1048576K
}
Event: 35.434 GC heap after
{Heap after GC invocations=6 (full 0):
 garbage-first heap   total 81920K, used 21158K [0x0000000700000000, 0x0000000800000000)
  region size 2048K, 2 young (4096K), 2 survivors (4096K)
 Metaspace       used 27137K, committed 27456K, reserved 1114112K
  class space    used 3510K, committed 3648K, reserved 1048576K
}
Event: 35.682 GC heap before
{Heap before GC invocations=6 (full 0):
 garbage-first heap   total 81920K, used 23206K [0x0000000700000000, 0x0000000800000000)
  region size 2048K, 3 young (6144K), 2 survivors (4096K)
 Metaspace       used 27478K, committed 27712K, reserved 1114112K
  class space    used 3564K, committed 3648K, reserved 1048576K
}
Event: 35.690 GC heap after
{Heap after GC invocations=7 (full 0):
 garbage-first heap   total 81920K, used 21380K [0x0000000700000000, 0x0000000800000000)
  region size 2048K, 1 young (2048K), 1 survivors (2048K)
 Metaspace       used 27478K, committed 27712K, reserved 1114112K
  class space    used 3564K, committed 3648K, reserved 1048576K
}

