# JRE version: OpenJDK Runtime Environment (17.0.11) (build 17.0.11+0--11852314)
# Java VM: OpenJDK 64-Bit Server VM (17.0.11+0--11852314, mixed mode, tiered, compressed oops, compressed class ptrs, g1 gc, windows-amd64)
GC Precious Log:
 CPUs: 12 total, 12 available
 Memory: 6005M
 Large Page Support: Disabled
 NUMA Support: Disabled
 Compressed Oops: Enabled (Zero based)
 Heap Region Size: 2M
 Heap Min Capacity: 8M
 Heap Initial Capacity: 94M
 Heap Max Capacity: 4G
 Pre-touch: Disabled
 Parallel Workers: 10
 Concurrent Workers: 3
 Concurrent Refinement Workers: 10
 Periodic GC: Disabled
Heap:
 garbage-first heap   total 337920K, used 197461K [0x0000000700000000, 0x0000000800000000)
  region size 2048K, 1 young (2048K), 1 survivors (2048K)
 Metaspace       used 109117K, committed 110528K, reserved 1179648K
  class space    used 15199K, committed 15808K, reserved 1048576K
GC Heap History (20 events):
Event: 93.120 GC heap after
{Heap after GC invocations=61 (full 0):
 garbage-first heap   total 204800K, used 129403K [0x0000000700000000, 0x0000000800000000)
  region size 2048K, 4 young (8192K), 4 survivors (8192K)
 Metaspace       used 99442K, committed 100288K, reserved 1179648K
  class space    used 13850K, committed 14208K, reserved 1048576K
}
Event: 97.618 GC heap before
{Heap before GC invocations=62 (full 0):
 garbage-first heap   total 223232K, used 166267K [0x0000000700000000, 0x0000000800000000)
  region size 2048K, 22 young (45056K), 4 survivors (8192K)
 Metaspace       used 100004K, committed 100928K, reserved 1179648K
  class space    used 13921K, committed 14336K, reserved 1048576K
}
Event: 97.672 GC heap after
{Heap after GC invocations=63 (full 0):
 garbage-first heap   total 223232K, used 136676K [0x0000000700000000, 0x0000000800000000)
  region size 2048K, 3 young (6144K), 3 survivors (6144K)
 Metaspace       used 100004K, committed 100928K, reserved 1179648K
  class space    used 13921K, committed 14336K, reserved 1048576K
}
Event: 102.870 GC heap before
{Heap before GC invocations=63 (full 0):
 garbage-first heap   total 223232K, used 177636K [0x0000000700000000, 0x0000000800000000)
  region size 2048K, 24 young (49152K), 3 survivors (6144K)
 Metaspace       used 100323K, committed 101376K, reserved 1179648K
  class space    used 13967K, committed 14400K, reserved 1048576K
}
Event: 102.922 GC heap after
{Heap after GC invocations=64 (full 0):
 garbage-first heap   total 223232K, used 149533K [0x0000000700000000, 0x0000000800000000)
  region size 2048K, 3 young (6144K), 3 survivors (6144K)
 Metaspace       used 100323K, committed 101376K, reserved 1179648K
  class space    used 13967K, committed 14400K, reserved 1048576K
}
Event: 105.612 GC heap before
{Heap before GC invocations=65 (full 0):
 garbage-first heap   total 266240K, used 178205K [0x0000000700000000, 0x0000000800000000)
  region size 2048K, 16 young (32768K), 3 survivors (6144K)
 Metaspace       used 100527K, committed 101568K, reserved 1179648K
  class space    used 13992K, committed 14400K, reserved 1048576K
}
Event: 105.916 GC heap after
{Heap after GC invocations=66 (full 0):
 garbage-first heap   total 319488K, used 164193K [0x0000000700000000, 0x0000000800000000)
  region size 2048K, 2 young (4096K), 2 survivors (4096K)
 Metaspace       used 100527K, committed 101568K, reserved 1179648K
  class space    used 13992K, committed 14400K, reserved 1048576K
}
Event: 107.488 GC heap before
{Heap before GC invocations=66 (full 0):
 garbage-first heap   total 319488K, used 174433K [0x0000000700000000, 0x0000000800000000)
  region size 2048K, 7 young (14336K), 2 survivors (4096K)
 Metaspace       used 100790K, committed 101888K, reserved 1179648K
  class space    used 14031K, committed 14464K, reserved 1048576K
}
Event: 107.505 GC heap after
{Heap after GC invocations=67 (full 0):
 garbage-first heap   total 319488K, used 165761K [0x0000000700000000, 0x0000000800000000)
  region size 2048K, 1 young (2048K), 1 survivors (2048K)
 Metaspace       used 100790K, committed 101888K, reserved 1179648K
  class space    used 14031K, committed 14464K, reserved 1048576K
}
Event: 114.864 GC heap before
{Heap before GC invocations=67 (full 0):
 garbage-first heap   total 319488K, used 237441K [0x0000000700000000, 0x0000000800000000)
  region size 2048K, 36 young (73728K), 1 survivors (2048K)
 Metaspace       used 101764K, committed 102976K, reserved 1179648K
  class space    used 14175K, committed 14656K, reserved 1048576K
}
Event: 114.910 GC heap after
{Heap after GC invocations=68 (full 0):
 garbage-first heap   total 319488K, used 179245K [0x0000000700000000, 0x0000000800000000)
  region size 2048K, 5 young (10240K), 5 survivors (10240K)
 Metaspace       used 101764K, committed 102976K, reserved 1179648K
  class space    used 14175K, committed 14656K, reserved 1048576K
}
Event: 124.530 GC heap before
{Heap before GC invocations=69 (full 0):
 garbage-first heap   total 319488K, used 242733K [0x0000000700000000, 0x0000000800000000)
  region size 2048K, 36 young (73728K), 5 survivors (10240K)
 Metaspace       used 102603K, committed 103872K, reserved 1179648K
  class space    used 14276K, committed 14848K, reserved 1048576K
}
Event: 124.752 GC heap after
{Heap after GC invocations=70 (full 0):
 garbage-first heap   total 319488K, used 189884K [0x0000000700000000, 0x0000000800000000)
  region size 2048K, 5 young (10240K), 5 survivors (10240K)
 Metaspace       used 102603K, committed 103872K, reserved 1179648K
  class space    used 14276K, committed 14848K, reserved 1048576K
}
Event: 125.337 GC heap before
{Heap before GC invocations=70 (full 0):
 garbage-first heap   total 319488K, used 191932K [0x0000000700000000, 0x0000000800000000)
  region size 2048K, 7 young (14336K), 5 survivors (10240K)
 Metaspace       used 102764K, committed 104064K, reserved 1179648K
  class space    used 14302K, committed 14848K, reserved 1048576K
}
Event: 125.367 GC heap after
{Heap after GC invocations=71 (full 0):
 garbage-first heap   total 319488K, used 191278K [0x0000000700000000, 0x0000000800000000)
  region size 2048K, 1 young (2048K), 1 survivors (2048K)
 Metaspace       used 102764K, committed 104064K, reserved 1179648K
  class space    used 14302K, committed 14848K, reserved 1048576K
}
Event: 171.081 GC heap before
{Heap before GC invocations=71 (full 0):
 garbage-first heap   total 319488K, used 246574K [0x0000000700000000, 0x0000000800000000)
  region size 2048K, 29 young (59392K), 1 survivors (2048K)
 Metaspace       used 108084K, committed 109504K, reserved 1179648K
  class space    used 15072K, committed 15680K, reserved 1048576K
}
Event: 173.097 GC heap after
{Heap after GC invocations=72 (full 0):
 garbage-first heap   total 319488K, used 193772K [0x0000000700000000, 0x0000000800000000)
  region size 2048K, 3 young (6144K), 3 survivors (6144K)
 Metaspace       used 108084K, committed 109504K, reserved 1179648K
  class space    used 15072K, committed 15680K, reserved 1048576K
}
Event: 182.700 GC heap before
{Heap before GC invocations=73 (full 0):
 garbage-first heap   total 337920K, used 201964K [0x0000000700000000, 0x0000000800000000)
  region size 2048K, 8 young (16384K), 3 survivors (6144K)
 Metaspace       used 108682K, committed 110080K, reserved 1179648K
  class space    used 15146K, committed 15744K, reserved 1048576K
}
Event: 182.764 GC heap after
{Heap after GC invocations=74 (full 0):
 garbage-first heap   total 337920K, used 194734K [0x0000000700000000, 0x0000000800000000)
  region size 2048K, 1 young (2048K), 1 survivors (2048K)
 Metaspace       used 108682K, committed 110080K, reserved 1179648K
  class space    used 15146K, committed 15744K, reserved 1048576K
}
Event: 186.737 GC heap before
{Heap before GC invocations=74 (full 0):
 garbage-first heap   total 337920K, used 209070K [0x0000000700000000, 0x0000000800000000)
  region size 2048K, 8 young (16384K), 1 survivors (2048K)
 Metaspace       used 109117K, committed 110528K, reserved 1179648K
  class space    used 15199K, committed 15808K, reserved 1048576K
}

