# JRE version: OpenJDK Runtime Environment (17.0.11) (build 17.0.11+0--11852314)
# Java VM: OpenJDK 64-Bit Server VM (17.0.11+0--11852314, mixed mode, tiered, compressed oops, compressed class ptrs, g1 gc, windows-amd64)
GC Precious Log:
 CPUs: 12 total, 12 available
 Memory: 6005M
 Large Page Support: Disabled
 NUMA Support: Disabled
 Compressed Oops: Enabled (32-bit)
 Heap Region Size: 1M
 Heap Min Capacity: 8M
 Heap Initial Capacity: 94M
 Heap Max Capacity: 1502M
 Pre-touch: Disabled
 Parallel Workers: 10
 Concurrent Workers: 3
 Concurrent Refinement Workers: 10
 Periodic GC: Disabled
Heap:
 garbage-first heap   total 128000K, used 67216K [0x00000000a2200000, 0x0000000100000000)
  region size 1024K, 3 young (3072K), 3 survivors (3072K)
 Metaspace       used 92990K, committed 93312K, reserved 1179648K
  class space    used 10086K, committed 10240K, reserved 1048576K
GC Heap History (20 events):
Event: 13.526 GC heap after
{Heap after GC invocations=33 (full 0):
 garbage-first heap   total 106496K, used 64185K [0x00000000a2200000, 0x0000000100000000)
  region size 1024K, 2 young (2048K), 2 survivors (2048K)
 Metaspace       used 69757K, committed 70016K, reserved 1114112K
  class space    used 7988K, committed 8128K, reserved 1048576K
}
Event: 14.197 GC heap before
{Heap before GC invocations=33 (full 0):
 garbage-first heap   total 106496K, used 88761K [0x00000000a2200000, 0x0000000100000000)
  region size 1024K, 26 young (26624K), 2 survivors (2048K)
 Metaspace       used 69952K, committed 70272K, reserved 1114112K
  class space    used 7988K, committed 8128K, reserved 1048576K
}
Event: 14.206 GC heap after
{Heap after GC invocations=34 (full 0):
 garbage-first heap   total 128000K, used 66233K [0x00000000a2200000, 0x0000000100000000)
  region size 1024K, 4 young (4096K), 4 survivors (4096K)
 Metaspace       used 69952K, committed 70272K, reserved 1114112K
  class space    used 7988K, committed 8128K, reserved 1048576K
}
Event: 15.113 GC heap before
{Heap before GC invocations=35 (full 0):
 garbage-first heap   total 128000K, used 105145K [0x00000000a2200000, 0x0000000100000000)
  region size 1024K, 42 young (43008K), 4 survivors (4096K)
 Metaspace       used 70725K, committed 71040K, reserved 1114112K
  class space    used 8049K, committed 8192K, reserved 1048576K
}
Event: 15.125 GC heap after
{Heap after GC invocations=36 (full 0):
 garbage-first heap   total 128000K, used 68528K [0x00000000a2200000, 0x0000000100000000)
  region size 1024K, 5 young (5120K), 5 survivors (5120K)
 Metaspace       used 70725K, committed 71040K, reserved 1114112K
  class space    used 8049K, committed 8192K, reserved 1048576K
}
Event: 15.136 GC heap before
{Heap before GC invocations=36 (full 0):
 garbage-first heap   total 128000K, used 69552K [0x00000000a2200000, 0x0000000100000000)
  region size 1024K, 6 young (6144K), 5 survivors (5120K)
 Metaspace       used 70725K, committed 71040K, reserved 1114112K
  class space    used 8049K, committed 8192K, reserved 1048576K
}
Event: 15.149 GC heap after
{Heap after GC invocations=37 (full 0):
 garbage-first heap   total 128000K, used 68597K [0x00000000a2200000, 0x0000000100000000)
  region size 1024K, 1 young (1024K), 1 survivors (1024K)
 Metaspace       used 70725K, committed 71040K, reserved 1114112K
  class space    used 8049K, committed 8192K, reserved 1048576K
}
Event: 15.821 GC heap before
{Heap before GC invocations=37 (full 0):
 garbage-first heap   total 128000K, used 105461K [0x00000000a2200000, 0x0000000100000000)
  region size 1024K, 37 young (37888K), 1 survivors (1024K)
 Metaspace       used 75290K, committed 75584K, reserved 1179648K
  class space    used 8517K, committed 8640K, reserved 1048576K
}
Event: 15.825 GC heap after
{Heap after GC invocations=38 (full 0):
 garbage-first heap   total 128000K, used 69496K [0x00000000a2200000, 0x0000000100000000)
  region size 1024K, 2 young (2048K), 2 survivors (2048K)
 Metaspace       used 75290K, committed 75584K, reserved 1179648K
  class space    used 8517K, committed 8640K, reserved 1048576K
}
Event: 16.779 GC heap before
{Heap before GC invocations=39 (full 0):
 garbage-first heap   total 128000K, used 105336K [0x00000000a2200000, 0x0000000100000000)
  region size 1024K, 37 young (37888K), 2 survivors (2048K)
 Metaspace       used 78450K, committed 78720K, reserved 1179648K
  class space    used 8827K, committed 8960K, reserved 1048576K
}
Event: 16.789 GC heap after
{Heap after GC invocations=40 (full 0):
 garbage-first heap   total 128000K, used 73093K [0x00000000a2200000, 0x0000000100000000)
  region size 1024K, 5 young (5120K), 5 survivors (5120K)
 Metaspace       used 78450K, committed 78720K, reserved 1179648K
  class space    used 8827K, committed 8960K, reserved 1048576K
}
Event: 16.830 GC heap before
{Heap before GC invocations=40 (full 0):
 garbage-first heap   total 128000K, used 73093K [0x00000000a2200000, 0x0000000100000000)
  region size 1024K, 6 young (6144K), 5 survivors (5120K)
 Metaspace       used 78656K, committed 78976K, reserved 1179648K
  class space    used 8857K, committed 9024K, reserved 1048576K
}
Event: 16.838 GC heap after
{Heap after GC invocations=41 (full 0):
 garbage-first heap   total 128000K, used 73566K [0x00000000a2200000, 0x0000000100000000)
  region size 1024K, 1 young (1024K), 1 survivors (1024K)
 Metaspace       used 78656K, committed 78976K, reserved 1179648K
  class space    used 8857K, committed 9024K, reserved 1048576K
}
Event: 17.583 GC heap before
{Heap before GC invocations=41 (full 0):
 garbage-first heap   total 128000K, used 105310K [0x00000000a2200000, 0x0000000100000000)
  region size 1024K, 32 young (32768K), 1 survivors (1024K)
 Metaspace       used 84864K, committed 85184K, reserved 1179648K
  class space    used 9443K, committed 9600K, reserved 1048576K
}
Event: 17.586 GC heap after
{Heap after GC invocations=42 (full 0):
 garbage-first heap   total 128000K, used 74746K [0x00000000a2200000, 0x0000000100000000)
  region size 1024K, 2 young (2048K), 2 survivors (2048K)
 Metaspace       used 84864K, committed 85184K, reserved 1179648K
  class space    used 9443K, committed 9600K, reserved 1048576K
}
Event: 18.400 GC heap before
{Heap before GC invocations=43 (full 0):
 garbage-first heap   total 128000K, used 104442K [0x00000000a2200000, 0x0000000100000000)
  region size 1024K, 33 young (33792K), 2 survivors (2048K)
 Metaspace       used 90550K, committed 90880K, reserved 1179648K
  class space    used 9964K, committed 10112K, reserved 1048576K
}
Event: 18.405 GC heap after
{Heap after GC invocations=44 (full 0):
 garbage-first heap   total 128000K, used 74228K [0x00000000a2200000, 0x0000000100000000)
  region size 1024K, 4 young (4096K), 4 survivors (4096K)
 Metaspace       used 90550K, committed 90880K, reserved 1179648K
  class space    used 9964K, committed 10112K, reserved 1048576K
}
Event: 18.438 GC heap before
{Heap before GC invocations=44 (full 0):
 garbage-first heap   total 128000K, used 76276K [0x00000000a2200000, 0x0000000100000000)
  region size 1024K, 6 young (6144K), 4 survivors (4096K)
 Metaspace       used 91182K, committed 91520K, reserved 1179648K
  class space    used 10010K, committed 10176K, reserved 1048576K
}
Event: 18.445 GC heap after
{Heap after GC invocations=45 (full 0):
 garbage-first heap   total 128000K, used 64313K [0x00000000a2200000, 0x0000000100000000)
  region size 1024K, 1 young (1024K), 1 survivors (1024K)
 Metaspace       used 91182K, committed 91520K, reserved 1179648K
  class space    used 10010K, committed 10176K, reserved 1048576K
}
Event: 19.338 GC heap before
{Heap before GC invocations=45 (full 0):
 garbage-first heap   total 128000K, used 105273K [0x00000000a2200000, 0x0000000100000000)
  region size 1024K, 40 young (40960K), 1 survivors (1024K)
 Metaspace       used 92990K, committed 93312K, reserved 1179648K
  class space    used 10086K, committed 10240K, reserved 1048576K
}

